2022-10-10 16:28:31,108  INFO [main] MavenMakeMyTripProject:33 - Browser is opened
2022-10-10 16:28:51,643  INFO [main] MavenMakeMyTripProject:37 - Url is opened
2022-10-10 16:30:39,004  INFO [main] MavenMakeMyTripProject:33 - Browser is opened
2022-10-10 16:31:20,999  INFO [main] MavenMakeMyTripProject:37 - Url is opened
2022-10-10 16:36:47,548  INFO [TestNG-test=ChromeTest-1] MavenMakeMyTripProject:39 - Browser is opened
2022-10-10 16:37:49,001  INFO [TestNG-tests-2] MavenMakeMyTripProject:39 - Browser is opened
2022-10-10 16:38:13,485  INFO [TestNG-test=ChromeTest-1] MavenMakeMyTripProject:43 - Url is opened
2022-10-10 16:38:35,332  INFO [TestNG-tests-2] MavenMakeMyTripProject:43 - Url is opened
2022-10-10 16:41:46,988  INFO [TestNG-test=ChromeTest-1] MavenMakeMyTripProject:39 - Browser is opened
2022-10-10 16:41:58,600  INFO [TestNG-tests-2] MavenMakeMyTripProject:39 - Browser is opened
2022-10-10 16:42:50,128  INFO [TestNG-test=ChromeTest-1] MavenMakeMyTripProject:43 - Url is opened
2022-10-10 16:42:51,349  INFO [TestNG-test=ChromeTest-1] MavenMakeMyTripProject:47 - click on create account
2022-10-10 16:42:58,997  INFO [TestNG-tests-2] MavenMakeMyTripProject:43 - Url is opened
2022-10-10 16:42:59,000  INFO [TestNG-tests-2] MavenMakeMyTripProject:47 - click on create account
2022-10-10 16:47:08,448  INFO [TestNG-test=ChromeTest-1] MavenMakeMyTripProject:39 - Browser is opened
2022-10-10 16:47:27,743  INFO [TestNG-test=ChromeTest-1] MavenMakeMyTripProject:43 - Url is opened
2022-10-10 16:47:27,865  INFO [TestNG-test=ChromeTest-1] MavenMakeMyTripProject:47 - click on create account
2022-10-10 16:47:57,765  INFO [TestNG-test=ChromeTest-1] MavenMakeMyTripProject:49 - Email ID entered
2022-10-10 16:47:59,419  INFO [TestNG-test=ChromeTest-1] MavenMakeMyTripProject:51 - click on continue
2022-10-10 16:48:16,045  INFO [TestNG-tests-2] MavenMakeMyTripProject:39 - Browser is opened
2022-10-10 16:49:00,125  INFO [TestNG-tests-2] MavenMakeMyTripProject:43 - Url is opened
2022-10-10 16:49:00,128  INFO [TestNG-tests-2] MavenMakeMyTripProject:47 - click on create account
2022-10-10 16:51:25,291  INFO [TestNG-tests-2] MavenMakeMyTripProject:39 - Browser is opened
2022-10-10 16:51:25,692  INFO [TestNG-test=ChromeTest-1] MavenMakeMyTripProject:39 - Browser is opened
2022-10-10 16:51:34,586  INFO [TestNG-tests-2] MavenMakeMyTripProject:43 - Url is opened
2022-10-10 16:51:34,816  INFO [TestNG-tests-2] MavenMakeMyTripProject:47 - click on create account
2022-10-10 16:51:36,122  INFO [TestNG-test=ChromeTest-1] MavenMakeMyTripProject:43 - Url is opened
2022-10-10 16:51:36,124  INFO [TestNG-test=ChromeTest-1] MavenMakeMyTripProject:47 - click on create account
2022-10-10 16:51:56,595  INFO [main] MavenMakeMyTripProject:39 - Browser is opened
2022-10-10 16:52:17,504  INFO [main] MavenMakeMyTripProject:43 - Url is opened
2022-10-10 16:52:17,673  INFO [main] MavenMakeMyTripProject:47 - click on create account
2022-10-10 16:56:14,620  INFO [main] MavenMakeMyTripProject:39 - Browser is opened
2022-10-10 16:57:05,042  INFO [main] MavenMakeMyTripProject:43 - Url is opened
2022-10-10 16:57:05,138  INFO [main] MavenMakeMyTripProject:47 - click on create account
2022-10-10 16:58:10,237  INFO [main] MavenMakeMyTripProject:39 - Browser is opened
2022-10-10 16:58:28,445  INFO [main] MavenMakeMyTripProject:43 - Url is opened
2022-10-10 17:02:06,351  INFO [main] MavenMakeMyTripProject:39 - Browser is opened
2022-10-10 17:02:26,623  INFO [main] MavenMakeMyTripProject:43 - Url is opened
2022-10-10 17:11:57,060  INFO [main] MavenMakeMyTripProject:39 - Browser is opened
2022-10-10 17:12:08,479  INFO [main] MavenMakeMyTripProject:43 - Url is opened
2022-10-10 17:13:17,503  INFO [main] MavenMakeMyTripProject:39 - Browser is opened
2022-10-10 17:13:34,380  INFO [main] MavenMakeMyTripProject:43 - Url is opened
2022-10-10 17:13:45,989  INFO [main] MavenMakeMyTripProject:50 - Email ID entered
2022-10-10 17:13:46,991  INFO [main] MavenMakeMyTripProject:52 - click on continue
2022-10-10 17:15:39,392  INFO [main] MavenMakeMyTripProject:39 - Browser is opened
2022-10-10 17:15:50,052  INFO [main] MavenMakeMyTripProject:43 - Url is opened
2022-10-10 17:15:59,683  INFO [main] MavenMakeMyTripProject:50 - Email ID entered
2022-10-10 17:16:00,261  INFO [main] MavenMakeMyTripProject:52 - click on continue
2022-10-10 17:19:54,844  INFO [main] MavenMakeMyTripProject:39 - Browser is opened
2022-10-10 17:20:05,240  INFO [main] MavenMakeMyTripProject:43 - Url is opened
2022-10-10 17:20:13,903  INFO [main] MavenMakeMyTripProject:50 - Email ID entered
2022-10-10 17:20:14,479  INFO [main] MavenMakeMyTripProject:52 - click on continue
2022-10-10 17:22:58,370  INFO [main] MavenMakeMyTripProject:39 - Browser is opened
2022-10-10 17:23:08,481  INFO [main] MavenMakeMyTripProject:43 - Url is opened
2022-10-10 17:23:17,898  INFO [main] MavenMakeMyTripProject:50 - Email ID entered
2022-10-10 17:24:10,211  INFO [main] MavenMakeMyTripProject:39 - Browser is opened
2022-10-10 17:24:20,251  INFO [main] MavenMakeMyTripProject:43 - Url is opened
2022-10-10 17:24:32,224  INFO [main] MavenMakeMyTripProject:50 - Email ID entered
2022-10-10 17:24:34,652  INFO [main] MavenMakeMyTripProject:53 - click on continue
2022-10-10 17:26:20,843  INFO [main] MavenMakeMyTripProject:39 - Browser is opened
2022-10-10 17:26:46,095  INFO [main] MavenMakeMyTripProject:43 - Url is opened
2022-10-10 17:26:58,634  INFO [main] MavenMakeMyTripProject:50 - Email ID entered
2022-10-10 17:27:01,310  INFO [main] MavenMakeMyTripProject:53 - click on continue
2022-10-10 17:31:54,208  INFO [main] MavenMakeMyTripProject:39 - Browser is opened
2022-10-10 17:32:23,508  INFO [main] MavenMakeMyTripProject:43 - Url is opened
2022-10-10 17:33:45,003  INFO [main] MavenMakeMyTripProject:39 - Browser is opened
2022-10-10 17:33:57,485  INFO [main] MavenMakeMyTripProject:43 - Url is opened
2022-10-10 17:34:07,380  INFO [main] MavenMakeMyTripProject:50 - Email ID entered
2022-10-10 17:34:09,860  INFO [main] MavenMakeMyTripProject:53 - click on continue
2022-10-10 17:37:28,537  INFO [main] MavenMakeMyTripProject:39 - Browser is opened
2022-10-10 17:37:57,624  INFO [main] MavenMakeMyTripProject:43 - Url is opened
2022-10-10 17:38:10,750  INFO [main] MavenMakeMyTripProject:50 - Email ID entered
2022-10-10 17:38:13,213  INFO [main] MavenMakeMyTripProject:53 - click on continue
2022-10-10 17:40:45,051  INFO [main] MavenMakeMyTripProject:39 - Browser is opened
2022-10-10 17:41:13,203  INFO [main] MavenMakeMyTripProject:43 - Url is opened
2022-10-10 17:41:24,192  INFO [main] MavenMakeMyTripProject:50 - Email ID entered
2022-10-10 17:41:26,637  INFO [main] MavenMakeMyTripProject:53 - click on continue
2022-10-10 17:44:30,294  INFO [main] MavenMakeMyTripProject:39 - Browser is opened
2022-10-10 17:44:47,782  INFO [main] MavenMakeMyTripProject:43 - Url is opened
2022-10-10 17:45:01,430  INFO [main] MavenMakeMyTripProject:50 - Email ID entered
2022-10-10 17:45:04,561  INFO [main] MavenMakeMyTripProject:53 - click on continue
2022-10-10 17:50:39,117  INFO [main] MavenMakeMyTripProject:39 - Browser is opened
2022-10-10 17:50:58,441  INFO [main] MavenMakeMyTripProject:43 - Url is opened
2022-10-10 17:51:09,011  INFO [main] MavenMakeMyTripProject:50 - Email ID entered
2022-10-10 17:51:11,585  INFO [main] MavenMakeMyTripProject:53 - click on continue
2022-10-10 18:32:19,214  INFO [main] MavenMakeMyTripProject:39 - Browser is opened
2022-10-10 18:32:37,295  INFO [main] MavenMakeMyTripProject:43 - Url is opened
2022-10-10 18:33:03,601  INFO [main] MavenMakeMyTripProject:50 - Email ID entered
2022-10-10 18:33:11,314  INFO [main] MavenMakeMyTripProject:53 - click on continue
2022-10-10 18:34:47,638  INFO [main] MavenMakeMyTripProject:39 - Browser is opened
2022-10-10 18:35:10,401  INFO [main] MavenMakeMyTripProject:43 - Url is opened
2022-10-10 18:35:34,828  INFO [main] MavenMakeMyTripProject:50 - Email ID entered
2022-10-10 18:35:45,746  INFO [main] MavenMakeMyTripProject:53 - click on continue
2022-10-10 20:57:14,963  INFO [main] MavenMakeMyTripProject:39 - Browser is opened
2022-10-10 21:10:17,208  INFO [main] MavenMakeMyTripProject:39 - Browser is opened
2022-10-10 21:11:25,288  INFO [main] MavenMakeMyTripProject:43 - Url is opened
2022-10-10 21:12:07,695  INFO [main] MavenMakeMyTripProject:50 - Email ID entered
2022-10-10 21:12:15,357  INFO [main] MavenMakeMyTripProject:53 - click on continue
2022-10-10 21:22:47,967  INFO [main] MavenMakeMyTripProject:39 - Browser is opened
2022-10-10 21:25:09,331  INFO [main] MavenMakeMyTripProject:43 - Url is opened
2022-10-10 21:26:17,134  INFO [main] MavenMakeMyTripProject:50 - Email ID entered
2022-10-10 21:26:24,695  INFO [main] MavenMakeMyTripProject:53 - click on continue
2022-10-10 21:30:02,565  INFO [main] MavenMakeMyTripProject:39 - Browser is opened
2022-10-10 21:32:25,969  INFO [main] MavenMakeMyTripProject:43 - Url is opened
2022-10-10 21:34:38,856  INFO [main] MavenMakeMyTripProject:39 - Browser is opened
2022-10-10 21:35:30,930  INFO [main] MavenMakeMyTripProject:43 - Url is opened
2022-10-10 21:39:07,116  INFO [main] MavenMakeMyTripProject:39 - Browser is opened
2022-10-10 21:40:04,528  INFO [main] MavenMakeMyTripProject:43 - Url is opened
2022-10-10 21:40:29,967  INFO [main] MavenMakeMyTripProject:50 - Email ID entered
2022-10-10 21:40:37,547  INFO [main] MavenMakeMyTripProject:53 - click on continue
2022-10-10 21:44:14,675  INFO [main] MavenMakeMyTripProject:39 - Browser is opened
2022-10-10 21:45:18,231  INFO [main] MavenMakeMyTripProject:43 - Url is opened
2022-10-10 21:46:20,781  INFO [main] MavenMakeMyTripProject:50 - Email ID entered
2022-10-10 21:46:28,237  INFO [main] MavenMakeMyTripProject:53 - click on continue
2022-10-10 21:46:29,203  INFO [main] MavenMakeMyTripProject:55 - Password entered
2022-10-10 21:46:29,580  INFO [main] MavenMakeMyTripProject:57 - click on login
2022-10-10 21:46:29,580  INFO [main] MavenMakeMyTripProject:58 - Homepage open
2022-10-10 21:46:34,640  INFO [main] MavenMakeMyTripProject:16 - 
2022-10-10 21:46:35,951  INFO [main] MavenMakeMyTripProject:65 - Browser window closed
2022-10-10 21:46:35,952  INFO [main] MavenMakeMyTripProject:66 - End of program
2022-10-10 21:49:15,166  INFO [main] MavenMakeMyTripProject:39 - Browser is opened
2022-10-10 21:50:23,066  INFO [main] MavenMakeMyTripProject:43 - Url is opened
2022-10-10 21:51:34,402  INFO [main] MavenMakeMyTripProject:50 - Email ID entered
2022-10-10 21:51:41,862  INFO [main] MavenMakeMyTripProject:53 - click on continue
2022-10-10 21:53:57,522  INFO [main] MavenMakeMyTripProject:39 - Browser is opened
2022-10-10 21:54:45,954  INFO [main] MavenMakeMyTripProject:43 - Url is opened
2022-10-10 21:56:50,756  INFO [main] MavenMakeMyTripProject:50 - Email ID entered
2022-10-10 21:56:58,210  INFO [main] MavenMakeMyTripProject:53 - click on continue
